starting instrumentations
config { loadavgSampleInterval: 2000,
  memorySampleInterval: 1000,
  app_token: 'eyJhbGciOiJIUzI1NiIsInR5cCI6IkpXVCJ9.eyJydWlkIjoiNTczYzM0MjE2MDI3ZTYwMTFjYTYyYmVjIiwic3lzdGVtX2lkIjoiNTczYzM0MjlhYzRmZTIwMTFjZjQzNzgwIiwiYXBwX2lkIjoiNTczYzM0ODI2ODY0MDUwMTFjYjJhODZiIiwiaWF0IjoxNDYzNTYzMzk0fQ.LwK6eMwd-GYqNXVyDqbe5-jNSo9b8IXoVIwW7keuLiw',
  application_id: '_index',
  service_name: 'service_index',
  host: 'localhost' }
shimming seneca /Users/timoweiss/Development/thesis/shimmedplayground/node_modules/seneca
seneca was instantiated
2016-05-18T10:39:46.652Z j82tmdngn86d/1463567986613/74356/- INFO	hello	Seneca/2.0.1/j82tmdngn86d/1463567986613/74356/-	
E2E time sending metrics: 111ms
STATUS: 404
HEADERS: {"content-type":"application/json; charset=utf-8","cache-control":"no-cache","content-length":"38","date":"Wed, 18 May 2016 10:39:47 GMT","connection":"close"}
BODY: {"statusCode":404,"error":"Not Found"}
No more data in response.
2016-05-18T10:39:48.633Z j82tmdngn86d/1463567986613/74356/- INFO	listen	{pin:null,model:actor}	
swim.bootstrap: [ '127.0.0.1:39999' ]
swim.bootstrap err: { [JoinFailedError]
  meta: 
   { local: '127.0.0.1:48669',
     hosts: [ '127.0.0.1:39999' ],
     numberOfHostsResponded: 0,
     timeout: 777 } }
swim.bootstrap: [ '127.0.0.1:39999' ]
swim.bootstrap err: undefined
2016-05-18T10:39:50.481Z j82tmdngn86d/1463567986613/74356/- INFO	client	{type:balance,pin:role:service2,model:actor}	
2016-05-18T10:39:50.485Z j82tmdngn86d/1463567986613/74356/- INFO	client	{type:balance,pin:role:service3,model:actor}	
2016-05-18T10:39:50.488Z j82tmdngn86d/1463567986613/74356/- INFO	client	{type:balance,pin:role:service4,model:actor}	
2016-05-18T10:39:50.491Z j82tmdngn86d/1463567986613/74356/- INFO	client	{type:balance,pin:role:service5,model:actor}	
2016-05-18T10:39:50.495Z j82tmdngn86d/1463567986613/74356/- INFO	client	{type:balance,pin:role:service,model:actor}	
2016-05-18T10:39:50.504Z j82tmdngn86d/1463567986613/74356/- INFO	-	-	ACT	e606sdlgcq1c/zoup52lrnq3v	name:mesh,plugin:define,role:seneca,seq:5,tag:undefined	plugin	mesh       	ACT	qy8cjh2rjkjl/sh7l2w0905mo	add:client,role:transport,type:balance	client	{type:web,port:59833,host:0.0.0.0,path:/act,protocol:http,timeout:5555,max_listen_attempts:11,attempt_delay:222	
2016-05-18T10:39:50.509Z j82tmdngn86d/1463567986613/74356/- INFO	-	-	ACT	e606sdlgcq1c/zoup52lrnq3v	name:mesh,plugin:define,role:seneca,seq:5,tag:undefined	plugin	mesh       	ACT	bxy92j8f5t7l/sh7l2w0905mo	add:client,role:transport,type:balance	client	{type:web,port:51013,host:0.0.0.0,path:/act,protocol:http,timeout:5555,max_listen_attempts:11,attempt_delay:222	
2016-05-18T10:39:50.517Z j82tmdngn86d/1463567986613/74356/- INFO	-	-	ACT	e606sdlgcq1c/zoup52lrnq3v	name:mesh,plugin:define,role:seneca,seq:5,tag:undefined	plugin	mesh       	ACT	rfslkg9gvnjm/sh7l2w0905mo	add:client,role:transport,type:balance	client	{type:web,port:56656,host:0.0.0.0,path:/act,protocol:http,timeout:5555,max_listen_attempts:11,attempt_delay:222	
2016-05-18T10:39:50.521Z j82tmdngn86d/1463567986613/74356/- INFO	-	-	ACT	e606sdlgcq1c/zoup52lrnq3v	name:mesh,plugin:define,role:seneca,seq:5,tag:undefined	plugin	mesh       	ACT	b9mngjc2f7lb/sh7l2w0905mo	add:client,role:transport,type:balance	client	{type:web,port:54251,host:0.0.0.0,path:/act,protocol:http,timeout:5555,max_listen_attempts:11,attempt_delay:222	
2016-05-18T10:39:50.525Z j82tmdngn86d/1463567986613/74356/- INFO	-	-	ACT	e606sdlgcq1c/zoup52lrnq3v	name:mesh,plugin:define,role:seneca,seq:5,tag:undefined	plugin	mesh       	ACT	slsnkwvheehj/sh7l2w0905mo	add:client,role:transport,type:balance	client	{type:web,port:55762,host:0.0.0.0,path:/act,protocol:http,timeout:5555,max_listen_attempts:11,attempt_delay:222	
running for the 1th time
USER_INDEX: act #1
E2E time sending metrics: 56ms
STATUS: 200
HEADERS: {"vary":"origin","content-type":"application/json; charset=utf-8","cache-control":"no-cache","content-length":"24","date":"Wed, 18 May 2016 10:39:55 GMT","connection":"close"}
BODY: {"data":{"requests":{}}}
No more data in response.
client_index: { from: 'service',
  __tracing_data: 
   { initiator: 
      { application_id: '_index',
        service_name: 'service_index',
        process_info: [Object] },
     traceId: 'b95e45a1-b62b-4ec3-96b8-bdc457217409',
     request_id: 'b95e45a1-b62b-4ec3-96b8-bdc457217409' } }
running for the 2th time
USER_INDEX: act #1
E2E time sending metrics: 30ms
STATUS: 200
HEADERS: {"vary":"origin","content-type":"application/json; charset=utf-8","cache-control":"no-cache","content-length":"11","date":"Wed, 18 May 2016 10:40:05 GMT","connection":"close"}
BODY: {"data":{}}
No more data in response.
client_index: { from: 'service',
  __tracing_data: 
   { initiator: 
      { application_id: '_index',
        service_name: 'service_index',
        process_info: [Object] },
     traceId: 'd051555c-bb68-40af-a9ad-e8bd2c5fadef',
     request_id: 'd051555c-bb68-40af-a9ad-e8bd2c5fadef' } }
running for the 3th time
USER_INDEX: act #1
client_index: { from: 'service',
  __tracing_data: 
   { initiator: 
      { application_id: '_index',
        service_name: 'service_index',
        process_info: [Object] },
     traceId: '26adf564-0a90-4b0d-b7d0-b07999c3bacd',
     request_id: '26adf564-0a90-4b0d-b7d0-b07999c3bacd' } }
E2E time sending metrics: 32ms
STATUS: 200
HEADERS: {"vary":"origin","content-type":"application/json; charset=utf-8","cache-control":"no-cache","content-length":"11","date":"Wed, 18 May 2016 10:40:15 GMT","connection":"close"}
BODY: {"data":{}}
No more data in response.
running for the 4th time
USER_INDEX: act #1
client_index: { from: 'service',
  __tracing_data: 
   { initiator: 
      { application_id: '_index',
        service_name: 'service_index',
        process_info: [Object] },
     traceId: '88a1e115-2f75-486a-b006-fddcc7e7f89e',
     request_id: '88a1e115-2f75-486a-b006-fddcc7e7f89e' } }
running for the 5th time
USER_INDEX: act #1
E2E time sending metrics: 36ms
STATUS: 200
HEADERS: {"vary":"origin","content-type":"application/json; charset=utf-8","cache-control":"no-cache","content-length":"11","date":"Wed, 18 May 2016 10:40:25 GMT","connection":"close"}
BODY: {"data":{}}
No more data in response.
client_index: { from: 'service',
  __tracing_data: 
   { initiator: 
      { application_id: '_index',
        service_name: 'service_index',
        process_info: [Object] },
     traceId: 'f54fc65f-2a6a-4211-aa5c-bacd2989b558',
     request_id: 'f54fc65f-2a6a-4211-aa5c-bacd2989b558' } }
running for the 6th time
USER_INDEX: act #1
client_index: { from: 'service',
  __tracing_data: 
   { initiator: 
      { application_id: '_index',
        service_name: 'service_index',
        process_info: [Object] },
     traceId: '21cfc10f-a173-4ea2-870a-ac67eaacdbfb',
     request_id: '21cfc10f-a173-4ea2-870a-ac67eaacdbfb' } }
E2E time sending metrics: 35ms
STATUS: 200
HEADERS: {"vary":"origin","content-type":"application/json; charset=utf-8","cache-control":"no-cache","content-length":"11","date":"Wed, 18 May 2016 10:40:35 GMT","connection":"close"}
BODY: {"data":{}}
No more data in response.
running for the 7th time
USER_INDEX: act #1
client_index: { from: 'service',
  __tracing_data: 
   { initiator: 
      { application_id: '_index',
        service_name: 'service_index',
        process_info: [Object] },
     traceId: 'a1467f68-e93a-4e81-8e96-5ad2d9ddeb2e',
     request_id: 'a1467f68-e93a-4e81-8e96-5ad2d9ddeb2e' } }
running for the 8th time
USER_INDEX: act #1
E2E time sending metrics: 31ms
STATUS: 200
HEADERS: {"vary":"origin","content-type":"application/json; charset=utf-8","cache-control":"no-cache","content-length":"11","date":"Wed, 18 May 2016 10:40:45 GMT","connection":"close"}
BODY: {"data":{}}
No more data in response.
client_index: { from: 'service',
  __tracing_data: 
   { initiator: 
      { application_id: '_index',
        service_name: 'service_index',
        process_info: [Object] },
     traceId: 'fb043276-78c6-451b-870d-17c4e7e0d8a0',
     request_id: 'fb043276-78c6-451b-870d-17c4e7e0d8a0' } }
running for the 9th time
USER_INDEX: act #1
client_index: { from: 'service',
  __tracing_data: 
   { initiator: 
      { application_id: '_index',
        service_name: 'service_index',
        process_info: [Object] },
     traceId: 'd11e7cc3-9fc3-4f63-94a5-87d615cb4bfa',
     request_id: 'd11e7cc3-9fc3-4f63-94a5-87d615cb4bfa' } }
E2E time sending metrics: 29ms
STATUS: 200
HEADERS: {"vary":"origin","content-type":"application/json; charset=utf-8","cache-control":"no-cache","content-length":"11","date":"Wed, 18 May 2016 10:40:55 GMT","connection":"close"}
BODY: {"data":{}}
No more data in response.
running for the 10th time
USER_INDEX: act #1
client_index: { from: 'service',
  __tracing_data: 
   { initiator: 
      { application_id: '_index',
        service_name: 'service_index',
        process_info: [Object] },
     traceId: '15905985-59bf-4d01-8d60-90dfb7b7968e',
     request_id: '15905985-59bf-4d01-8d60-90dfb7b7968e' } }
I'm all done 10
E2E time sending metrics: 24ms
STATUS: 200
HEADERS: {"vary":"origin","content-type":"application/json; charset=utf-8","cache-control":"no-cache","content-length":"11","date":"Wed, 18 May 2016 10:41:05 GMT","connection":"close"}
BODY: {"data":{}}
No more data in response.
E2E time sending metrics: 30ms
STATUS: 200
HEADERS: {"vary":"origin","content-type":"application/json; charset=utf-8","cache-control":"no-cache","content-length":"24","date":"Wed, 18 May 2016 10:41:15 GMT","connection":"close"}
BODY: {"data":{"requests":{}}}
No more data in response.
E2E time sending metrics: 25ms
STATUS: 200
HEADERS: {"vary":"origin","content-type":"application/json; charset=utf-8","cache-control":"no-cache","content-length":"24","date":"Wed, 18 May 2016 10:41:25 GMT","connection":"close"}
BODY: {"data":{"requests":{}}}
No more data in response.
E2E time sending metrics: 24ms
STATUS: 200
HEADERS: {"vary":"origin","content-type":"application/json; charset=utf-8","cache-control":"no-cache","content-length":"24","date":"Wed, 18 May 2016 10:41:35 GMT","connection":"close"}
BODY: {"data":{"requests":{}}}
No more data in response.
