starting instrumentations
config { loadavgSampleInterval: 2000,
  memorySampleInterval: 1000,
  app_token: 'eyJhbGciOiJIUzI1NiIsInR5cCI6IkpXVCJ9.eyJydWlkIjoiNTczYzM0MjE2MDI3ZTYwMTFjYTYyYmVjIiwic3lzdGVtX2lkIjoiNTczYzM0MjlhYzRmZTIwMTFjZjQzNzgwIiwiYXBwX2lkIjoiNTczYzM0YTQ2ODY0MDUwMTFjYjJhODZlIiwiaWF0IjoxNDYzNTYzNDI4fQ.ONmin07XJ7t747_TpKaNLdTRwkJiaPbDqE8HwNAzOWs',
  application_id: 'applicationid_service3',
  service_name: 'service_service3',
  host: 'localhost' }
shimming seneca /Users/timoweiss/Development/thesis/shimmedplayground/node_modules/seneca
seneca was instantiated
2016-05-18T10:39:46.767Z kvztu33gyf7p/1463567986732/74359/- INFO	hello	Seneca/2.0.1/kvztu33gyf7p/1463567986732/74359/-	
E2E time sending metrics: 145ms
STATUS: 404
HEADERS: {"content-type":"application/json; charset=utf-8","cache-control":"no-cache","content-length":"38","date":"Wed, 18 May 2016 10:39:48 GMT","connection":"close"}
BODY: {"statusCode":404,"error":"Not Found"}
No more data in response.
2016-05-18T10:39:48.749Z kvztu33gyf7p/1463567986732/74359/- INFO	listen	{pin:[role:service3],model:actor}	
swim.bootstrap: [ '127.0.0.1:39999' ]
swim.bootstrap err: undefined
2016-05-18T10:39:49.660Z kvztu33gyf7p/1463567986732/74359/- INFO	client	{type:balance,pin:role:service2,model:actor}	
2016-05-18T10:39:49.666Z kvztu33gyf7p/1463567986732/74359/- INFO	client	{type:balance,pin:role:service,model:actor}	
2016-05-18T10:39:49.670Z kvztu33gyf7p/1463567986732/74359/- INFO	client	{type:balance,pin:role:service4,model:actor}	
2016-05-18T10:39:49.674Z kvztu33gyf7p/1463567986732/74359/- INFO	client	{type:balance,pin:role:service5,model:actor}	
2016-05-18T10:39:49.681Z kvztu33gyf7p/1463567986732/74359/- INFO	-	-	ACT	pb3mrjrvtaqy/izd4mu70mlpb	name:mesh,plugin:define,role:seneca,seq:6,tag:undefined	plugin	mesh       	ACT	ex51lzflns4t/7gimnnsobkii	add:client,role:transport,type:balance	client	{type:web,port:59833,host:0.0.0.0,path:/act,protocol:http,timeout:5555,max_listen_attempts:11,attempt_delay:222	
2016-05-18T10:39:49.686Z kvztu33gyf7p/1463567986732/74359/- INFO	-	-	ACT	pb3mrjrvtaqy/izd4mu70mlpb	name:mesh,plugin:define,role:seneca,seq:6,tag:undefined	plugin	mesh       	ACT	j29et2muljfd/7gimnnsobkii	add:client,role:transport,type:balance	client	{type:web,port:55762,host:0.0.0.0,path:/act,protocol:http,timeout:5555,max_listen_attempts:11,attempt_delay:222	
2016-05-18T10:39:49.691Z kvztu33gyf7p/1463567986732/74359/- INFO	-	-	ACT	pb3mrjrvtaqy/izd4mu70mlpb	name:mesh,plugin:define,role:seneca,seq:6,tag:undefined	plugin	mesh       	ACT	db3fpl3ar68b/7gimnnsobkii	add:client,role:transport,type:balance	client	{type:web,port:56656,host:0.0.0.0,path:/act,protocol:http,timeout:5555,max_listen_attempts:11,attempt_delay:222	
2016-05-18T10:39:49.694Z kvztu33gyf7p/1463567986732/74359/- INFO	-	-	ACT	pb3mrjrvtaqy/izd4mu70mlpb	name:mesh,plugin:define,role:seneca,seq:6,tag:undefined	plugin	mesh       	ACT	45e7ehs5ea5u/7gimnnsobkii	add:client,role:transport,type:balance	client	{type:web,port:54251,host:0.0.0.0,path:/act,protocol:http,timeout:5555,max_listen_attempts:11,attempt_delay:222	
2016-05-18T10:39:49.797Z kvztu33gyf7p/1463567986732/74359/- INFO	client	{type:balance,pin:null:true,model:actor}	
2016-05-18T10:39:49.805Z kvztu33gyf7p/1463567986732/74359/- INFO	-	-	ACT	pb3mrjrvtaqy/izd4mu70mlpb	name:mesh,plugin:define,role:seneca,seq:6,tag:undefined	plugin	mesh       	ACT	cg49hf2o05px/7gimnnsobkii	add:client,role:transport,type:balance	client	{type:web,port:53508,host:0.0.0.0,path:/act,protocol:http,timeout:5555,max_listen_attempts:11,attempt_delay:222	
E2E time sending metrics: 81ms
STATUS: 200
HEADERS: {"vary":"origin","content-type":"application/json; charset=utf-8","cache-control":"no-cache","content-length":"24","date":"Wed, 18 May 2016 10:39:55 GMT","connection":"close"}
BODY: {"data":{"requests":{}}}
No more data in response.
E2E time sending metrics: 119ms
STATUS: 200
HEADERS: {"vary":"origin","content-type":"application/json; charset=utf-8","cache-control":"no-cache","content-length":"11","date":"Wed, 18 May 2016 10:40:05 GMT","connection":"close"}
BODY: {"data":{}}
No more data in response.
E2E time sending metrics: 178ms
STATUS: 200
HEADERS: {"vary":"origin","content-type":"application/json; charset=utf-8","cache-control":"no-cache","content-length":"11","date":"Wed, 18 May 2016 10:40:15 GMT","connection":"close"}
BODY: {"data":{}}
No more data in response.
E2E time sending metrics: 117ms
STATUS: 200
HEADERS: {"vary":"origin","content-type":"application/json; charset=utf-8","cache-control":"no-cache","content-length":"11","date":"Wed, 18 May 2016 10:40:25 GMT","connection":"close"}
BODY: {"data":{}}
No more data in response.
E2E time sending metrics: 135ms
STATUS: 200
HEADERS: {"vary":"origin","content-type":"application/json; charset=utf-8","cache-control":"no-cache","content-length":"11","date":"Wed, 18 May 2016 10:40:35 GMT","connection":"close"}
BODY: {"data":{}}
No more data in response.
E2E time sending metrics: 106ms
STATUS: 200
HEADERS: {"vary":"origin","content-type":"application/json; charset=utf-8","cache-control":"no-cache","content-length":"11","date":"Wed, 18 May 2016 10:40:45 GMT","connection":"close"}
BODY: {"data":{}}
No more data in response.
E2E time sending metrics: 116ms
STATUS: 200
HEADERS: {"vary":"origin","content-type":"application/json; charset=utf-8","cache-control":"no-cache","content-length":"11","date":"Wed, 18 May 2016 10:40:55 GMT","connection":"close"}
BODY: {"data":{}}
No more data in response.
E2E time sending metrics: 112ms
STATUS: 200
HEADERS: {"vary":"origin","content-type":"application/json; charset=utf-8","cache-control":"no-cache","content-length":"11","date":"Wed, 18 May 2016 10:41:05 GMT","connection":"close"}
BODY: {"data":{}}
No more data in response.
E2E time sending metrics: 30ms
STATUS: 200
HEADERS: {"vary":"origin","content-type":"application/json; charset=utf-8","cache-control":"no-cache","content-length":"24","date":"Wed, 18 May 2016 10:41:15 GMT","connection":"close"}
BODY: {"data":{"requests":{}}}
No more data in response.
E2E time sending metrics: 35ms
STATUS: 200
HEADERS: {"vary":"origin","content-type":"application/json; charset=utf-8","cache-control":"no-cache","content-length":"24","date":"Wed, 18 May 2016 10:41:25 GMT","connection":"close"}
BODY: {"data":{"requests":{}}}
No more data in response.
E2E time sending metrics: 34ms
STATUS: 200
HEADERS: {"vary":"origin","content-type":"application/json; charset=utf-8","cache-control":"no-cache","content-length":"24","date":"Wed, 18 May 2016 10:41:35 GMT","connection":"close"}
BODY: {"data":{"requests":{}}}
No more data in response.
