starting instrumentations
config { loadavgSampleInterval: 2000,
  memorySampleInterval: 1000,
  app_token: 'eyJhbGciOiJIUzI1NiIsInR5cCI6IkpXVCJ9.eyJydWlkIjoiNTczYzM0MjE2MDI3ZTYwMTFjYTYyYmVjIiwic3lzdGVtX2lkIjoiNTczYzM0MjlhYzRmZTIwMTFjZjQzNzgwIiwiYXBwX2lkIjoiNTczYzM0YTA2ODY0MDUwMTFjYjJhODZkIiwiaWF0IjoxNDYzNTYzNDI0fQ.61yOZNxPFNqmE5rrVtQQGGltEcyCcUL2c65cTahZcQM',
  application_id: 'applicationid_service2',
  service_name: 'service_service2',
  host: 'localhost' }
shimming seneca /Users/timoweiss/Development/thesis/shimmedplayground/node_modules/seneca
seneca was instantiated
2016-05-18T10:39:46.737Z f2xoq70ud2qi/1463567986686/74358/- INFO	hello	Seneca/2.0.1/f2xoq70ud2qi/1463567986686/74358/-	
E2E time sending metrics: 294ms
STATUS: 404
HEADERS: {"content-type":"application/json; charset=utf-8","cache-control":"no-cache","content-length":"38","date":"Wed, 18 May 2016 10:39:48 GMT","connection":"close"}
BODY: {"statusCode":404,"error":"Not Found"}
No more data in response.
2016-05-18T10:39:48.741Z f2xoq70ud2qi/1463567986686/74358/- INFO	listen	{pin:[role:service2],model:actor}	
swim.bootstrap: [ '127.0.0.1:39999' ]
swim.bootstrap err: undefined
2016-05-18T10:39:49.656Z f2xoq70ud2qi/1463567986686/74358/- INFO	client	{type:balance,pin:role:service,model:actor}	
2016-05-18T10:39:49.663Z f2xoq70ud2qi/1463567986686/74358/- INFO	client	{type:balance,pin:role:service3,model:actor}	
2016-05-18T10:39:49.667Z f2xoq70ud2qi/1463567986686/74358/- INFO	client	{type:balance,pin:role:service4,model:actor}	
2016-05-18T10:39:49.670Z f2xoq70ud2qi/1463567986686/74358/- INFO	client	{type:balance,pin:role:service5,model:actor}	
2016-05-18T10:39:49.678Z f2xoq70ud2qi/1463567986686/74358/- INFO	-	-	ACT	tg7ni4ai6kcg/ewcnxlzl3znt	name:mesh,plugin:define,role:seneca,seq:6,tag:undefined	plugin	mesh       	ACT	m85wvzzqj49y/dquqbzh1luwe	add:client,role:transport,type:balance	client	{type:web,port:55762,host:0.0.0.0,path:/act,protocol:http,timeout:5555,max_listen_attempts:11,attempt_delay:222	
2016-05-18T10:39:49.683Z f2xoq70ud2qi/1463567986686/74358/- INFO	-	-	ACT	tg7ni4ai6kcg/ewcnxlzl3znt	name:mesh,plugin:define,role:seneca,seq:6,tag:undefined	plugin	mesh       	ACT	z0xmi6gs681i/dquqbzh1luwe	add:client,role:transport,type:balance	client	{type:web,port:51013,host:0.0.0.0,path:/act,protocol:http,timeout:5555,max_listen_attempts:11,attempt_delay:222	
2016-05-18T10:39:49.687Z f2xoq70ud2qi/1463567986686/74358/- INFO	-	-	ACT	tg7ni4ai6kcg/ewcnxlzl3znt	name:mesh,plugin:define,role:seneca,seq:6,tag:undefined	plugin	mesh       	ACT	ovqlmt87o2p7/dquqbzh1luwe	add:client,role:transport,type:balance	client	{type:web,port:56656,host:0.0.0.0,path:/act,protocol:http,timeout:5555,max_listen_attempts:11,attempt_delay:222	
2016-05-18T10:39:49.691Z f2xoq70ud2qi/1463567986686/74358/- INFO	-	-	ACT	tg7ni4ai6kcg/ewcnxlzl3znt	name:mesh,plugin:define,role:seneca,seq:6,tag:undefined	plugin	mesh       	ACT	c6f4cwo8kh43/dquqbzh1luwe	add:client,role:transport,type:balance	client	{type:web,port:54251,host:0.0.0.0,path:/act,protocol:http,timeout:5555,max_listen_attempts:11,attempt_delay:222	
2016-05-18T10:39:49.794Z f2xoq70ud2qi/1463567986686/74358/- INFO	client	{type:balance,pin:null:true,model:actor}	
2016-05-18T10:39:49.802Z f2xoq70ud2qi/1463567986686/74358/- INFO	-	-	ACT	tg7ni4ai6kcg/ewcnxlzl3znt	name:mesh,plugin:define,role:seneca,seq:6,tag:undefined	plugin	mesh       	ACT	bhnoijftaad4/dquqbzh1luwe	add:client,role:transport,type:balance	client	{type:web,port:53508,host:0.0.0.0,path:/act,protocol:http,timeout:5555,max_listen_attempts:11,attempt_delay:222	
E2E time sending metrics: 55ms
STATUS: 200
HEADERS: {"vary":"origin","content-type":"application/json; charset=utf-8","cache-control":"no-cache","content-length":"24","date":"Wed, 18 May 2016 10:39:55 GMT","connection":"close"}
BODY: {"data":{"requests":{}}}
No more data in response.
E2E time sending metrics: 153ms
STATUS: 200
HEADERS: {"vary":"origin","content-type":"application/json; charset=utf-8","cache-control":"no-cache","content-length":"11","date":"Wed, 18 May 2016 10:40:05 GMT","connection":"close"}
BODY: {"data":{}}
No more data in response.
E2E time sending metrics: 229ms
STATUS: 200
HEADERS: {"vary":"origin","content-type":"application/json; charset=utf-8","cache-control":"no-cache","content-length":"11","date":"Wed, 18 May 2016 10:40:15 GMT","connection":"close"}
BODY: {"data":{}}
No more data in response.
E2E time sending metrics: 122ms
STATUS: 200
HEADERS: {"vary":"origin","content-type":"application/json; charset=utf-8","cache-control":"no-cache","content-length":"11","date":"Wed, 18 May 2016 10:40:25 GMT","connection":"close"}
BODY: {"data":{}}
No more data in response.
E2E time sending metrics: 175ms
STATUS: 200
HEADERS: {"vary":"origin","content-type":"application/json; charset=utf-8","cache-control":"no-cache","content-length":"11","date":"Wed, 18 May 2016 10:40:35 GMT","connection":"close"}
BODY: {"data":{}}
No more data in response.
E2E time sending metrics: 147ms
STATUS: 200
HEADERS: {"vary":"origin","content-type":"application/json; charset=utf-8","cache-control":"no-cache","content-length":"11","date":"Wed, 18 May 2016 10:40:45 GMT","connection":"close"}
BODY: {"data":{}}
No more data in response.
E2E time sending metrics: 169ms
STATUS: 200
HEADERS: {"vary":"origin","content-type":"application/json; charset=utf-8","cache-control":"no-cache","content-length":"11","date":"Wed, 18 May 2016 10:40:55 GMT","connection":"close"}
BODY: {"data":{}}
No more data in response.
E2E time sending metrics: 159ms
STATUS: 200
HEADERS: {"vary":"origin","content-type":"application/json; charset=utf-8","cache-control":"no-cache","content-length":"11","date":"Wed, 18 May 2016 10:41:05 GMT","connection":"close"}
BODY: {"data":{}}
No more data in response.
E2E time sending metrics: 52ms
STATUS: 200
HEADERS: {"vary":"origin","content-type":"application/json; charset=utf-8","cache-control":"no-cache","content-length":"24","date":"Wed, 18 May 2016 10:41:15 GMT","connection":"close"}
BODY: {"data":{"requests":{}}}
No more data in response.
E2E time sending metrics: 39ms
STATUS: 200
HEADERS: {"vary":"origin","content-type":"application/json; charset=utf-8","cache-control":"no-cache","content-length":"24","date":"Wed, 18 May 2016 10:41:25 GMT","connection":"close"}
BODY: {"data":{"requests":{}}}
No more data in response.
E2E time sending metrics: 40ms
STATUS: 200
HEADERS: {"vary":"origin","content-type":"application/json; charset=utf-8","cache-control":"no-cache","content-length":"24","date":"Wed, 18 May 2016 10:41:35 GMT","connection":"close"}
BODY: {"data":{"requests":{}}}
No more data in response.
