starting instrumentations
config { loadavgSampleInterval: 2000,
  memorySampleInterval: 1000,
  app_token: 'eyJhbGciOiJIUzI1NiIsInR5cCI6IkpXVCJ9.eyJydWlkIjoiNTczYzM0MjE2MDI3ZTYwMTFjYTYyYmVjIiwic3lzdGVtX2lkIjoiNTczYzM0MjlhYzRmZTIwMTFjZjQzNzgwIiwiYXBwX2lkIjoiNTczYzM0OWQ2ODY0MDUwMTFjYjJhODZjIiwiaWF0IjoxNDYzNTYzNDIxfQ.YHZoSBXjRwMB3Grb1kFxq6g3fq-o87oKsdYZMmP2c_c',
  application_id: 'applicationid_service',
  service_name: 'service_service',
  host: 'localhost' }
shimming seneca /Users/timoweiss/Development/thesis/shimmedplayground/node_modules/seneca
seneca was instantiated
2016-05-18T10:39:46.689Z t3xp7o7qs5uv/1463567986625/74357/- INFO	hello	Seneca/2.0.1/t3xp7o7qs5uv/1463567986625/74357/-	
E2E time sending metrics: 111ms
STATUS: 404
HEADERS: {"content-type":"application/json; charset=utf-8","cache-control":"no-cache","content-length":"38","date":"Wed, 18 May 2016 10:39:47 GMT","connection":"close"}
BODY: {"statusCode":404,"error":"Not Found"}
No more data in response.
2016-05-18T10:39:48.655Z t3xp7o7qs5uv/1463567986625/74357/- INFO	listen	{pin:[role:service],model:actor}	
swim.bootstrap: []
swim.bootstrap err: undefined
2016-05-18T10:39:48.880Z t3xp7o7qs5uv/1463567986625/74357/- INFO	client	{type:balance,pin:role:service2,model:actor}	
2016-05-18T10:39:48.890Z t3xp7o7qs5uv/1463567986625/74357/- INFO	client	{type:balance,pin:role:service3,model:actor}	
2016-05-18T10:39:48.897Z t3xp7o7qs5uv/1463567986625/74357/- INFO	-	-	ACT	lbr5p5nyhqd7/34d4hzpvmz1z	name:mesh,plugin:define,role:seneca,seq:6,tag:undefined	plugin	mesh       	ACT	eumwasegku5u/08qvjwpqz48u	add:client,role:transport,type:balance	client	{type:web,port:59833,host:0.0.0.0,path:/act,protocol:http,timeout:5555,max_listen_attempts:11,attempt_delay:222	
2016-05-18T10:39:48.904Z t3xp7o7qs5uv/1463567986625/74357/- INFO	-	-	ACT	lbr5p5nyhqd7/34d4hzpvmz1z	name:mesh,plugin:define,role:seneca,seq:6,tag:undefined	plugin	mesh       	ACT	b9nphd8qfp0m/08qvjwpqz48u	add:client,role:transport,type:balance	client	{type:web,port:51013,host:0.0.0.0,path:/act,protocol:http,timeout:5555,max_listen_attempts:11,attempt_delay:222	
2016-05-18T10:39:48.909Z t3xp7o7qs5uv/1463567986625/74357/- INFO	client	{type:balance,pin:role:service4,model:actor}	
2016-05-18T10:39:48.920Z t3xp7o7qs5uv/1463567986625/74357/- INFO	-	-	ACT	lbr5p5nyhqd7/34d4hzpvmz1z	name:mesh,plugin:define,role:seneca,seq:6,tag:undefined	plugin	mesh       	ACT	o0y74gawzqf8/08qvjwpqz48u	add:client,role:transport,type:balance	client	{type:web,port:56656,host:0.0.0.0,path:/act,protocol:http,timeout:5555,max_listen_attempts:11,attempt_delay:222	
2016-05-18T10:39:49.276Z t3xp7o7qs5uv/1463567986625/74357/- INFO	client	{type:balance,pin:role:service5,model:actor}	
2016-05-18T10:39:49.287Z t3xp7o7qs5uv/1463567986625/74357/- INFO	-	-	ACT	lbr5p5nyhqd7/34d4hzpvmz1z	name:mesh,plugin:define,role:seneca,seq:6,tag:undefined	plugin	mesh       	ACT	dp1cs5toz62v/08qvjwpqz48u	add:client,role:transport,type:balance	client	{type:web,port:54251,host:0.0.0.0,path:/act,protocol:http,timeout:5555,max_listen_attempts:11,attempt_delay:222	
2016-05-18T10:39:49.702Z t3xp7o7qs5uv/1463567986625/74357/- INFO	client	{type:balance,pin:null:true,model:actor}	
2016-05-18T10:39:49.724Z t3xp7o7qs5uv/1463567986625/74357/- INFO	-	-	ACT	lbr5p5nyhqd7/34d4hzpvmz1z	name:mesh,plugin:define,role:seneca,seq:6,tag:undefined	plugin	mesh       	ACT	96hoks4yqkiw/08qvjwpqz48u	add:client,role:transport,type:balance	client	{type:web,port:53508,host:0.0.0.0,path:/act,protocol:http,timeout:5555,max_listen_attempts:11,attempt_delay:222	
USER_SERVICE: rcv #2 { aa: 'cc',
  role: 'service',
  cmd: 'something',
  'transport$': 
   { track: [ 'j82tmdngn86d/1463567986613/74356/-' ],
     origin: 'j82tmdngn86d/1463567986613/74356/-',
     time: { client_sent: '1463567994918' } },
  'ungate$': true,
  'tx$': 'xj54jfvqcd2v',
  'default$': undefined,
  'meta$': 
   { id: 'a9dc8iy54aky/xj54jfvqcd2v',
     tx: 'xj54jfvqcd2v',
     start: 1463567994936,
     pattern: 'cmd:something,role:service',
     action: '(ibg54m30jzsa)',
     entry: true,
     chain: [],
     sync: true } }
E2E time sending metrics: 57ms
STATUS: 200
HEADERS: {"vary":"origin","content-type":"application/json; charset=utf-8","cache-control":"no-cache","content-length":"24","date":"Wed, 18 May 2016 10:39:55 GMT","connection":"close"}
BODY: {"data":{"requests":{}}}
No more data in response.
USER_SERVICE: act #3
USER_SERVICE: rcv #2 { aa: 'cc',
  role: 'service',
  cmd: 'something',
  'transport$': 
   { track: [ 'j82tmdngn86d/1463567986613/74356/-' ],
     origin: 'j82tmdngn86d/1463567986613/74356/-',
     time: { client_sent: '1463568001918' } },
  'ungate$': true,
  'tx$': 'q195ff9wejn1',
  'default$': undefined,
  'meta$': 
   { id: 'rvwlljb333zi/q195ff9wejn1',
     tx: 'q195ff9wejn1',
     start: 1463568001923,
     pattern: 'cmd:something,role:service',
     action: '(ibg54m30jzsa)',
     entry: true,
     chain: [],
     sync: true } }
USER_SERVICE: act #3
E2E time sending metrics: 116ms
STATUS: 200
HEADERS: {"vary":"origin","content-type":"application/json; charset=utf-8","cache-control":"no-cache","content-length":"11","date":"Wed, 18 May 2016 10:40:05 GMT","connection":"close"}
BODY: {"data":{}}
No more data in response.
USER_SERVICE: rcv #2 { aa: 'cc',
  role: 'service',
  cmd: 'something',
  'transport$': 
   { track: [ 'j82tmdngn86d/1463567986613/74356/-' ],
     origin: 'j82tmdngn86d/1463567986613/74356/-',
     time: { client_sent: '1463568008923' } },
  'ungate$': true,
  'tx$': 'lref3r2ny4ri',
  'default$': undefined,
  'meta$': 
   { id: 'g859k4c7ip0d/lref3r2ny4ri',
     tx: 'lref3r2ny4ri',
     start: 1463568008928,
     pattern: 'cmd:something,role:service',
     action: '(ibg54m30jzsa)',
     entry: true,
     chain: [],
     sync: true } }
USER_SERVICE: act #3
E2E time sending metrics: 215ms
STATUS: 200
HEADERS: {"vary":"origin","content-type":"application/json; charset=utf-8","cache-control":"no-cache","content-length":"11","date":"Wed, 18 May 2016 10:40:15 GMT","connection":"close"}
BODY: {"data":{}}
No more data in response.
USER_SERVICE: rcv #2 { aa: 'cc',
  role: 'service',
  cmd: 'something',
  'transport$': 
   { track: [ 'j82tmdngn86d/1463567986613/74356/-' ],
     origin: 'j82tmdngn86d/1463567986613/74356/-',
     time: { client_sent: '1463568015924' } },
  'ungate$': true,
  'tx$': '3egl6x163zon',
  'default$': undefined,
  'meta$': 
   { id: 'c1nyh113xxk0/3egl6x163zon',
     tx: '3egl6x163zon',
     start: 1463568015928,
     pattern: 'cmd:something,role:service',
     action: '(ibg54m30jzsa)',
     entry: true,
     chain: [],
     sync: true } }
USER_SERVICE: act #3
USER_SERVICE: rcv #2 { aa: 'cc',
  role: 'service',
  cmd: 'something',
  'transport$': 
   { track: [ 'j82tmdngn86d/1463567986613/74356/-' ],
     origin: 'j82tmdngn86d/1463567986613/74356/-',
     time: { client_sent: '1463568022926' } },
  'ungate$': true,
  'tx$': 'lufoo6f3zlbn',
  'default$': undefined,
  'meta$': 
   { id: '43r89rhcurk5/lufoo6f3zlbn',
     tx: 'lufoo6f3zlbn',
     start: 1463568022929,
     pattern: 'cmd:something,role:service',
     action: '(ibg54m30jzsa)',
     entry: true,
     chain: [],
     sync: true } }
USER_SERVICE: act #3
E2E time sending metrics: 117ms
STATUS: 200
HEADERS: {"vary":"origin","content-type":"application/json; charset=utf-8","cache-control":"no-cache","content-length":"11","date":"Wed, 18 May 2016 10:40:25 GMT","connection":"close"}
BODY: {"data":{}}
No more data in response.
USER_SERVICE: rcv #2 { aa: 'cc',
  role: 'service',
  cmd: 'something',
  'transport$': 
   { track: [ 'j82tmdngn86d/1463567986613/74356/-' ],
     origin: 'j82tmdngn86d/1463567986613/74356/-',
     time: { client_sent: '1463568029930' } },
  'ungate$': true,
  'tx$': 'spz82tymqf4a',
  'default$': undefined,
  'meta$': 
   { id: 'r3bsgjcv6nsj/spz82tymqf4a',
     tx: 'spz82tymqf4a',
     start: 1463568029935,
     pattern: 'cmd:something,role:service',
     action: '(ibg54m30jzsa)',
     entry: true,
     chain: [],
     sync: true } }
USER_SERVICE: act #3
E2E time sending metrics: 175ms
STATUS: 200
HEADERS: {"vary":"origin","content-type":"application/json; charset=utf-8","cache-control":"no-cache","content-length":"11","date":"Wed, 18 May 2016 10:40:35 GMT","connection":"close"}
BODY: {"data":{}}
No more data in response.
USER_SERVICE: rcv #2 { aa: 'cc',
  role: 'service',
  cmd: 'something',
  'transport$': 
   { track: [ 'j82tmdngn86d/1463567986613/74356/-' ],
     origin: 'j82tmdngn86d/1463567986613/74356/-',
     time: { client_sent: '1463568036932' } },
  'ungate$': true,
  'tx$': 'mp2ewi80s9f2',
  'default$': undefined,
  'meta$': 
   { id: 'fzk5944axkuv/mp2ewi80s9f2',
     tx: 'mp2ewi80s9f2',
     start: 1463568036938,
     pattern: 'cmd:something,role:service',
     action: '(ibg54m30jzsa)',
     entry: true,
     chain: [],
     sync: true } }
USER_SERVICE: act #3
USER_SERVICE: rcv #2 { aa: 'cc',
  role: 'service',
  cmd: 'something',
  'transport$': 
   { track: [ 'j82tmdngn86d/1463567986613/74356/-' ],
     origin: 'j82tmdngn86d/1463567986613/74356/-',
     time: { client_sent: '1463568043934' } },
  'ungate$': true,
  'tx$': 'upbgfeay5fgj',
  'default$': undefined,
  'meta$': 
   { id: 'b29508m4x4ki/upbgfeay5fgj',
     tx: 'upbgfeay5fgj',
     start: 1463568043948,
     pattern: 'cmd:something,role:service',
     action: '(ibg54m30jzsa)',
     entry: true,
     chain: [],
     sync: true } }
E2E time sending metrics: 106ms
STATUS: 200
HEADERS: {"vary":"origin","content-type":"application/json; charset=utf-8","cache-control":"no-cache","content-length":"11","date":"Wed, 18 May 2016 10:40:45 GMT","connection":"close"}
BODY: {"data":{}}
No more data in response.
USER_SERVICE: act #3
USER_SERVICE: rcv #2 { aa: 'cc',
  role: 'service',
  cmd: 'something',
  'transport$': 
   { track: [ 'j82tmdngn86d/1463567986613/74356/-' ],
     origin: 'j82tmdngn86d/1463567986613/74356/-',
     time: { client_sent: '1463568050936' } },
  'ungate$': true,
  'tx$': 'f1msio1fqwin',
  'default$': undefined,
  'meta$': 
   { id: 'ettbud23mict/f1msio1fqwin',
     tx: 'f1msio1fqwin',
     start: 1463568050940,
     pattern: 'cmd:something,role:service',
     action: '(ibg54m30jzsa)',
     entry: true,
     chain: [],
     sync: true } }
USER_SERVICE: act #3
E2E time sending metrics: 149ms
STATUS: 200
HEADERS: {"vary":"origin","content-type":"application/json; charset=utf-8","cache-control":"no-cache","content-length":"11","date":"Wed, 18 May 2016 10:40:55 GMT","connection":"close"}
BODY: {"data":{}}
No more data in response.
USER_SERVICE: rcv #2 { aa: 'cc',
  role: 'service',
  cmd: 'something',
  'transport$': 
   { track: [ 'j82tmdngn86d/1463567986613/74356/-' ],
     origin: 'j82tmdngn86d/1463567986613/74356/-',
     time: { client_sent: '1463568057941' } },
  'ungate$': true,
  'tx$': 'aetl68ug0hmy',
  'default$': undefined,
  'meta$': 
   { id: 'au90hxpbi0yr/aetl68ug0hmy',
     tx: 'aetl68ug0hmy',
     start: 1463568057944,
     pattern: 'cmd:something,role:service',
     action: '(ibg54m30jzsa)',
     entry: true,
     chain: [],
     sync: true } }
USER_SERVICE: act #3
E2E time sending metrics: 124ms
STATUS: 200
HEADERS: {"vary":"origin","content-type":"application/json; charset=utf-8","cache-control":"no-cache","content-length":"11","date":"Wed, 18 May 2016 10:41:05 GMT","connection":"close"}
BODY: {"data":{}}
No more data in response.
E2E time sending metrics: 55ms
STATUS: 200
HEADERS: {"vary":"origin","content-type":"application/json; charset=utf-8","cache-control":"no-cache","content-length":"24","date":"Wed, 18 May 2016 10:41:15 GMT","connection":"close"}
BODY: {"data":{"requests":{}}}
No more data in response.
E2E time sending metrics: 45ms
STATUS: 200
HEADERS: {"vary":"origin","content-type":"application/json; charset=utf-8","cache-control":"no-cache","content-length":"24","date":"Wed, 18 May 2016 10:41:25 GMT","connection":"close"}
BODY: {"data":{"requests":{}}}
No more data in response.
E2E time sending metrics: 46ms
STATUS: 200
HEADERS: {"vary":"origin","content-type":"application/json; charset=utf-8","cache-control":"no-cache","content-length":"24","date":"Wed, 18 May 2016 10:41:35 GMT","connection":"close"}
BODY: {"data":{"requests":{}}}
No more data in response.
