starting instrumentations
config { loadavgSampleInterval: 2000,
  memorySampleInterval: 1000,
  app_token: 'eyJhbGciOiJIUzI1NiIsInR5cCI6IkpXVCJ9.eyJydWlkIjoiNTczYzM0MjE2MDI3ZTYwMTFjYTYyYmVjIiwic3lzdGVtX2lkIjoiNTczYzM0MjlhYzRmZTIwMTFjZjQzNzgwIiwiYXBwX2lkIjoiNTczYzM0YTg2ODY0MDUwMTFjYjJhODZmIiwiaWF0IjoxNDYzNTYzNDMyfQ.6jO0IstuA7Su1HGjtd_PjoR2vIUZkwTsatl1oAiDsCk',
  application_id: 'applicationid_service4',
  service_name: 'service_service4',
  host: 'localhost' }
shimming seneca /Users/timoweiss/Development/thesis/shimmedplayground/node_modules/seneca
seneca was instantiated
2016-05-18T10:39:46.793Z 7w0qjmpkag6g/1463567986751/74360/- INFO	hello	Seneca/2.0.1/7w0qjmpkag6g/1463567986751/74360/-	
E2E time sending metrics: 132ms
STATUS: 404
HEADERS: {"content-type":"application/json; charset=utf-8","cache-control":"no-cache","content-length":"38","date":"Wed, 18 May 2016 10:39:48 GMT","connection":"close"}
BODY: {"statusCode":404,"error":"Not Found"}
No more data in response.
2016-05-18T10:39:48.775Z 7w0qjmpkag6g/1463567986751/74360/- INFO	listen	{pin:[role:service4],model:actor}	
swim.bootstrap: [ '127.0.0.1:39999' ]
swim.bootstrap err: undefined
2016-05-18T10:39:49.680Z 7w0qjmpkag6g/1463567986751/74360/- INFO	client	{type:balance,pin:role:service2,model:actor}	
2016-05-18T10:39:49.687Z 7w0qjmpkag6g/1463567986751/74360/- INFO	client	{type:balance,pin:role:service3,model:actor}	
2016-05-18T10:39:49.693Z 7w0qjmpkag6g/1463567986751/74360/- INFO	client	{type:balance,pin:role:service,model:actor}	
2016-05-18T10:39:49.698Z 7w0qjmpkag6g/1463567986751/74360/- INFO	client	{type:balance,pin:role:service5,model:actor}	
2016-05-18T10:39:49.707Z 7w0qjmpkag6g/1463567986751/74360/- INFO	-	-	ACT	or4j8cmrxj0e/m1e4m9koix4j	name:mesh,plugin:define,role:seneca,seq:6,tag:undefined	plugin	mesh       	ACT	epppgdfstbh3/90usu2f2tez5	add:client,role:transport,type:balance	client	{type:web,port:59833,host:0.0.0.0,path:/act,protocol:http,timeout:5555,max_listen_attempts:11,attempt_delay:222	
2016-05-18T10:39:49.714Z 7w0qjmpkag6g/1463567986751/74360/- INFO	-	-	ACT	or4j8cmrxj0e/m1e4m9koix4j	name:mesh,plugin:define,role:seneca,seq:6,tag:undefined	plugin	mesh       	ACT	xsr1u2i9skf9/90usu2f2tez5	add:client,role:transport,type:balance	client	{type:web,port:51013,host:0.0.0.0,path:/act,protocol:http,timeout:5555,max_listen_attempts:11,attempt_delay:222	
2016-05-18T10:39:49.719Z 7w0qjmpkag6g/1463567986751/74360/- INFO	-	-	ACT	or4j8cmrxj0e/m1e4m9koix4j	name:mesh,plugin:define,role:seneca,seq:6,tag:undefined	plugin	mesh       	ACT	aolvtqezwevd/90usu2f2tez5	add:client,role:transport,type:balance	client	{type:web,port:55762,host:0.0.0.0,path:/act,protocol:http,timeout:5555,max_listen_attempts:11,attempt_delay:222	
2016-05-18T10:39:49.723Z 7w0qjmpkag6g/1463567986751/74360/- INFO	-	-	ACT	or4j8cmrxj0e/m1e4m9koix4j	name:mesh,plugin:define,role:seneca,seq:6,tag:undefined	plugin	mesh       	ACT	o5vrp0g6fgra/90usu2f2tez5	add:client,role:transport,type:balance	client	{type:web,port:54251,host:0.0.0.0,path:/act,protocol:http,timeout:5555,max_listen_attempts:11,attempt_delay:222	
2016-05-18T10:39:49.823Z 7w0qjmpkag6g/1463567986751/74360/- INFO	client	{type:balance,pin:null:true,model:actor}	
2016-05-18T10:39:49.830Z 7w0qjmpkag6g/1463567986751/74360/- INFO	-	-	ACT	or4j8cmrxj0e/m1e4m9koix4j	name:mesh,plugin:define,role:seneca,seq:6,tag:undefined	plugin	mesh       	ACT	7xy0dtshpyhd/90usu2f2tez5	add:client,role:transport,type:balance	client	{type:web,port:53508,host:0.0.0.0,path:/act,protocol:http,timeout:5555,max_listen_attempts:11,attempt_delay:222	
running for the 1th time
running for the 2th time
E2E time sending metrics: 78ms
STATUS: 200
HEADERS: {"vary":"origin","content-type":"application/json; charset=utf-8","cache-control":"no-cache","content-length":"11","date":"Wed, 18 May 2016 10:39:55 GMT","connection":"close"}
BODY: {"data":{}}
No more data in response.
running for the 3th time
running for the 4th time
running for the 5th time
E2E time sending metrics: 137ms
STATUS: 200
HEADERS: {"vary":"origin","content-type":"application/json; charset=utf-8","cache-control":"no-cache","content-length":"11","date":"Wed, 18 May 2016 10:40:05 GMT","connection":"close"}
BODY: {"data":{}}
No more data in response.
I'm all done 5
E2E time sending metrics: 175ms
STATUS: 200
HEADERS: {"vary":"origin","content-type":"application/json; charset=utf-8","cache-control":"no-cache","content-length":"24","date":"Wed, 18 May 2016 10:40:15 GMT","connection":"close"}
BODY: {"data":{"requests":{}}}
No more data in response.
E2E time sending metrics: 109ms
STATUS: 200
HEADERS: {"vary":"origin","content-type":"application/json; charset=utf-8","cache-control":"no-cache","content-length":"24","date":"Wed, 18 May 2016 10:40:25 GMT","connection":"close"}
BODY: {"data":{"requests":{}}}
No more data in response.
E2E time sending metrics: 118ms
STATUS: 200
HEADERS: {"vary":"origin","content-type":"application/json; charset=utf-8","cache-control":"no-cache","content-length":"24","date":"Wed, 18 May 2016 10:40:35 GMT","connection":"close"}
BODY: {"data":{"requests":{}}}
No more data in response.
E2E time sending metrics: 96ms
STATUS: 200
HEADERS: {"vary":"origin","content-type":"application/json; charset=utf-8","cache-control":"no-cache","content-length":"24","date":"Wed, 18 May 2016 10:40:45 GMT","connection":"close"}
BODY: {"data":{"requests":{}}}
No more data in response.
E2E time sending metrics: 107ms
STATUS: 200
HEADERS: {"vary":"origin","content-type":"application/json; charset=utf-8","cache-control":"no-cache","content-length":"24","date":"Wed, 18 May 2016 10:40:55 GMT","connection":"close"}
BODY: {"data":{"requests":{}}}
No more data in response.
E2E time sending metrics: 109ms
STATUS: 200
HEADERS: {"vary":"origin","content-type":"application/json; charset=utf-8","cache-control":"no-cache","content-length":"24","date":"Wed, 18 May 2016 10:41:05 GMT","connection":"close"}
BODY: {"data":{"requests":{}}}
No more data in response.
E2E time sending metrics: 29ms
STATUS: 200
HEADERS: {"vary":"origin","content-type":"application/json; charset=utf-8","cache-control":"no-cache","content-length":"24","date":"Wed, 18 May 2016 10:41:15 GMT","connection":"close"}
BODY: {"data":{"requests":{}}}
No more data in response.
E2E time sending metrics: 32ms
STATUS: 200
HEADERS: {"vary":"origin","content-type":"application/json; charset=utf-8","cache-control":"no-cache","content-length":"24","date":"Wed, 18 May 2016 10:41:25 GMT","connection":"close"}
BODY: {"data":{"requests":{}}}
No more data in response.
E2E time sending metrics: 28ms
STATUS: 200
HEADERS: {"vary":"origin","content-type":"application/json; charset=utf-8","cache-control":"no-cache","content-length":"24","date":"Wed, 18 May 2016 10:41:35 GMT","connection":"close"}
BODY: {"data":{"requests":{}}}
No more data in response.
